This is TeX, Version 3.14159265 (TeX Live 2019) (preloaded format=tex 2019.5.8)  5 JUN 2020 09:14
**pmqsi20.tex
(./pmqsi20.tex (./colordvi.tex) (./epsf.tex
This is `epsf.tex' v2.7.4 <14 February 2011>
\epsffilein=\read0
\epsfframemargin=\dimen16
\epsfframethickness=\dimen17
\epsfrsize=\dimen18
\epsftmp=\dimen19
\epsftsize=\dimen20
\epsfxsize=\dimen21
\epsfysize=\dimen22
\pspoints=\dimen23
)
\headdigit=\dimen24
 [1] [2] [3] [4] [5] [6] [7] [8] [9]
Underfull \vbox (badness 10000) has occurred while \output is active
\vbox(564.0+2.86108)x360.0, glue set 5.66667
.\glue(\topskip) 3.05556
.\hbox(6.94444+1.94444)x360.0, glue set 203.4164fil
..\tenrm P
..\tenrm s
..\tenrm e
..\tenrm u
..\tenrm d
..etc.
.\glue 3.0 plus 1.0 minus 1.0
.\glue(\parskip) 0.0
.\glue(\baselineskip) 15.11111
.etc.

 [10]
[11] [12] [13] [14] [15]
Underfull \vbox (badness 10000) has occurred while \output is active
\vbox(564.0+3.50006)x360.0, glue set 5.75
.\glue(\topskip) 2.5
.\hbox(7.5+2.5)x360.0, glue set 204.46257fil
..\glue(\leftskip) 20.0
..\hbox(0.0+0.0)x0.0
..\tenbf f
..\tenbf o
..\tenbf r
..etc.
.\glue(\parskip) 0.0
.\glue(\baselineskip) 12.99994
.\hbox(8.50006+3.50006)x360.0, glue set 133.11093fil
..\glue(\leftskip) 40.0
..\hbox(0.0+0.0)x0.0
..\tenbf i
..\tenbf f
..\glue 3.33333 plus 1.66666 minus 1.11111
..etc.
.etc.

 [16]
[17] [18] [19] [20] [21] [22] [23] [24] [25] [26] [27]
Underfull \vbox (badness 1997) has occurred while \output is active
\vbox(564.0+2.5)x360.0, glue set 2.7143
.\penalty 100
.\vbox(138.99998+0.0)x360.0
..\hbox(6.0+2.0)x360.0, glue set - 0.0985
...\rmeight T
...\kern-0.70834
...\rmeight a
...\rmeight b
...\rmeight l
...etc.
..\penalty 150
..\glue(\baselineskip) 2.44444 plus 2.0 minus 1.0
..\hbox(5.55556+1.55556)x360.0, glue set 0.64552
...\rmeight c
...\rmeight o
...\rmeight m
...\rmeight p
...\rmeight l
...etc.
..\penalty 50
..etc.
.\penalty 10000
.\glue 12.0 plus 4.0 minus 4.0
.\glue(\topskip) 3.05556
.etc.

 [28]
[29]
(vt_logo.eps
)
(vt_logo.eps
)
(vt_logo.eps
)
[30]
Underfull \vbox (badness 3601) has occurred while \output is active
\vbox(564.0+1.94444)x360.0, glue set 3.3045
.\glue(\splittopskip) 0.0
.\vbox(157.31293+1.55556)x360.0
..\hbox(137.31293+0.0)x360.0, glue set 17.3925fil
...\glue 0.0 plus 1.0fil minus 1.0fil
...\hbox(137.31293+0.0)x325.215 []
...\glue 0.0 plus 1.0fil minus 1.0fil
..\glue(\parskip) 0.0 plus 3.0
..\glue(\baselineskip) 4.44444 plus 2.0 minus 1.0
..\hbox(5.55556+1.55556)x360.0, glue set 1.33943
...\glue(\leftskip) 10.0
...\rmeight F
...\rmeight i
...\rmeight g
...\rmeight .
...etc.
..\penalty 400
..etc.
.\penalty 10000
.\glue 12.0 plus 4.0 minus 4.0
.\glue(\topskip) 3.05556
.etc.

 [31]
\refnum=\count26

[32] [33] )
(\end occurred inside a group at level 1)
Output written on pmqsi20.dvi (33 pages, 85368 bytes).
