This is TeX, Version 3.14159265 (TeX Live 2019) (preloaded format=tex 2019.5.8)  4 JUN 2020 17:39
**delTOMS18.tex
(./delTOMS18.tex (./colordvi.tex) (./epsf.tex
This is `epsf.tex' v2.7.4 <14 February 2011>
\epsffilein=\read0
\epsfframemargin=\dimen16
\epsfframethickness=\dimen17
\epsfrsize=\dimen18
\epsftmp=\dimen19
\epsftsize=\dimen20
\epsfxsize=\dimen21
\epsfysize=\dimen22
\pspoints=\dimen23
)
\headdigit=\dimen24
 [1] [2] [3] [4] [5] [6] [7] [8] [9] [10] [11] [12] [13] [14] [15] [16]
[17]
(vt_logo.eps
)
(vt_logo.eps
)
(vt_logo.eps
)
[18]
\refnum=\count26
 [19] [20] [21] )
Output written on delTOMS18.dvi (21 pages, 84800 bytes).
