This is pdfTeX, Version 3.14159265-2.6-1.40.17 (TeX Live 2016) (preloaded format=pdflatex 2016.5.22)  29 FEB 2020 18:24
entering extended mode
 restricted \write18 enabled.
 %&-line parsing enabled.
**prelim
(./prelim.tex
LaTeX2e <2016/03/31>
Babel <3.9r> and hyphenation patterns for 83 language(s) loaded.
(./VTthesis.cls
Document Class: VTthesis 2017/05/02 v1.5 Virginia Tech Proposal and Thesis Clas
s
(/usr/local/texlive/2016/texmf-dist/tex/latex/etoolbox/etoolbox.sty
Package: etoolbox 2015/08/02 v2.2a e-TeX tools for LaTeX (JAW)
\etb@tempcnta=\count79
)
(/usr/local/texlive/2016/texmf-dist/tex/latex/base/report.cls
Document Class: report 2014/09/29 v1.4h Standard LaTeX document class
(/usr/local/texlive/2016/texmf-dist/tex/latex/base/size12.clo
File: size12.clo 2014/09/29 v1.4h Standard LaTeX file (size option)
)
\c@part=\count80
\c@chapter=\count81
\c@section=\count82
\c@subsection=\count83
\c@subsubsection=\count84
\c@paragraph=\count85
\c@subparagraph=\count86
\c@figure=\count87
\c@table=\count88
\abovecaptionskip=\skip41
\belowcaptionskip=\skip42
\bibindent=\dimen102
)
(/usr/local/texlive/2016/texmf-dist/tex/latex/amsmath/amsmath.sty
Package: amsmath 2016/03/10 v2.15b AMS math features
\@mathmargin=\skip43

For additional information on amsmath, use the `?' option.
(/usr/local/texlive/2016/texmf-dist/tex/latex/amsmath/amstext.sty
Package: amstext 2000/06/29 v2.01 AMS text

(/usr/local/texlive/2016/texmf-dist/tex/latex/amsmath/amsgen.sty
File: amsgen.sty 1999/11/30 v2.0 generic functions
\@emptytoks=\toks14
\ex@=\dimen103
))
(/usr/local/texlive/2016/texmf-dist/tex/latex/amsmath/amsbsy.sty
Package: amsbsy 1999/11/29 v1.2d Bold Symbols
\pmbraise@=\dimen104
)
(/usr/local/texlive/2016/texmf-dist/tex/latex/amsmath/amsopn.sty
Package: amsopn 2016/03/08 v2.02 operator names
)
\inf@bad=\count89
LaTeX Info: Redefining \frac on input line 199.
\uproot@=\count90
\leftroot@=\count91
LaTeX Info: Redefining \overline on input line 297.
\classnum@=\count92
\DOTSCASE@=\count93
LaTeX Info: Redefining \ldots on input line 394.
LaTeX Info: Redefining \dots on input line 397.
LaTeX Info: Redefining \cdots on input line 518.
\Mathstrutbox@=\box26
\strutbox@=\box27
\big@size=\dimen105
LaTeX Font Info:    Redeclaring font encoding OML on input line 634.
LaTeX Font Info:    Redeclaring font encoding OMS on input line 635.
\macc@depth=\count94
\c@MaxMatrixCols=\count95
\dotsspace@=\muskip10
\c@parentequation=\count96
\dspbrk@lvl=\count97
\tag@help=\toks15
\row@=\count98
\column@=\count99
\maxfields@=\count100
\andhelp@=\toks16
\eqnshift@=\dimen106
\alignsep@=\dimen107
\tagshift@=\dimen108
\tagwidth@=\dimen109
\totwidth@=\dimen110
\lineht@=\dimen111
\@envbody=\toks17
\multlinegap=\skip44
\multlinetaggap=\skip45
\mathdisplay@stack=\toks18
LaTeX Info: Redefining \[ on input line 2739.
LaTeX Info: Redefining \] on input line 2740.
)
(/usr/local/texlive/2016/texmf-dist/tex/latex/amscls/amsthm.sty
Package: amsthm 2015/03/04 v2.20.2
\thm@style=\toks19
\thm@bodyfont=\toks20
\thm@headfont=\toks21
\thm@notefont=\toks22
\thm@headpunct=\toks23
\thm@preskip=\skip46
\thm@postskip=\skip47
\thm@headsep=\skip48
\dth@everypar=\toks24
)
(/usr/local/texlive/2016/texmf-dist/tex/latex/amsfonts/amssymb.sty
Package: amssymb 2013/01/14 v3.01 AMS font symbols

(/usr/local/texlive/2016/texmf-dist/tex/latex/amsfonts/amsfonts.sty
Package: amsfonts 2013/01/14 v3.01 Basic AMSFonts support
\symAMSa=\mathgroup4
\symAMSb=\mathgroup5
LaTeX Font Info:    Overwriting math alphabet `\mathfrak' in version `bold'
(Font)                  U/euf/m/n --> U/euf/b/n on input line 106.
))
(/usr/local/texlive/2016/texmf-dist/tex/generic/ulem/ulem.sty
\UL@box=\box28
\UL@hyphenbox=\box29
\UL@skip=\skip49
\UL@hook=\toks25
\UL@height=\dimen112
\UL@pe=\count101
\UL@pixel=\dimen113
\ULC@box=\box30
Package: ulem 2012/05/18
\ULdepth=\dimen114
)
(/usr/local/texlive/2016/texmf-dist/tex/latex/tools/enumerate.sty
Package: enumerate 2015/07/23 v3.00 enumerate extensions (DPC)
\@enLab=\toks26
)
(/usr/local/texlive/2016/texmf-dist/tex/latex/natbib/natbib.sty
Package: natbib 2010/09/13 8.31b (PWD, AO)
\bibhang=\skip50
\bibsep=\skip51
LaTeX Info: Redefining \cite on input line 694.
\c@NAT@ctr=\count102
)
(/usr/local/texlive/2016/texmf-dist/tex/latex/paralist/paralist.sty
Package: paralist 2015/12/30 v2.5 Extended list environments
\pltopsep=\skip52
\plpartopsep=\skip53
\plitemsep=\skip54
\plparsep=\skip55
\pl@lab=\toks27
)
(/usr/local/texlive/2016/texmf-dist/tex/latex/appendix/appendix.sty
Package: appendix 2009/09/02 v1.2b extra appendix facilities
\c@@pps=\count103
\c@@ppsavesec=\count104
\c@@ppsaveapp=\count105
)
(/usr/local/texlive/2016/texmf-dist/tex/latex/tocbibind/tocbibind.sty
Package: tocbibind 2010/10/13 v1.5k extra ToC listings
Package tocbibind Info: The document has chapter divisions on input line 50.


Package tocbibind Note: Using chapter style headings, unless overridden.

) (/usr/local/texlive/2016/texmf-dist/tex/latex/nomencl/nomencl.sty
Package: nomencl 2005/09/22 v4.2 Nomenclature package (LN)
\nomlabelwidth=\dimen115
\nom@tempdim=\dimen116
\nomitemsep=\skip56
)
\@nomenclaturefile=\write3
\openout3 = `prelim.nlo'.


Writing nomenclature file prelim.nlo
(/usr/local/texlive/2016/texmf-dist/tex/latex/setspace/setspace.sty
Package: setspace 2011/12/19 v6.7a set line spacing
)
(/usr/local/texlive/2016/texmf-dist/tex/latex/hyperref/hyperref.sty
Package: hyperref 2016/05/05 v6.83n Hypertext links for LaTeX

(/usr/local/texlive/2016/texmf-dist/tex/generic/oberdiek/hobsub-hyperref.sty
Package: hobsub-hyperref 2016/05/16 v1.14 Bundle oberdiek, subset hyperref (HO)


(/usr/local/texlive/2016/texmf-dist/tex/generic/oberdiek/hobsub-generic.sty
Package: hobsub-generic 2016/05/16 v1.14 Bundle oberdiek, subset generic (HO)
Package: hobsub 2016/05/16 v1.14 Construct package bundles (HO)
Package: infwarerr 2016/05/16 v1.4 Providing info/warning/error messages (HO)
Package: ltxcmds 2016/05/16 v1.23 LaTeX kernel commands for general use (HO)
Package: ifluatex 2016/05/16 v1.4 Provides the ifluatex switch (HO)
Package ifluatex Info: LuaTeX not detected.
Package: ifvtex 2016/05/16 v1.6 Detect VTeX and its facilities (HO)
Package ifvtex Info: VTeX not detected.
Package: intcalc 2016/05/16 v1.2 Expandable calculations with integers (HO)
Package: ifpdf 2016/05/14 v3.1 Provides the ifpdf switch
Package: etexcmds 2016/05/16 v1.6 Avoid name clashes with e-TeX commands (HO)
Package etexcmds Info: Could not find \expanded.
(etexcmds)             That can mean that you are not using pdfTeX 1.50 or
(etexcmds)             that some package has redefined \expanded.
(etexcmds)             In the latter case, load this package earlier.
Package: kvsetkeys 2016/05/16 v1.17 Key value parser (HO)
Package: kvdefinekeys 2016/05/16 v1.4 Define keys (HO)
Package: pdftexcmds 2016/05/10 v0.21 Utility functions of pdfTeX for LuaTeX (HO
)
Package pdftexcmds Info: LuaTeX not detected.
Package pdftexcmds Info: \pdf@primitive is available.
Package pdftexcmds Info: \pdf@ifprimitive is available.
Package pdftexcmds Info: \pdfdraftmode found.
Package: pdfescape 2016/05/16 v1.14 Implements pdfTeX's escape features (HO)
Package: bigintcalc 2016/05/16 v1.4 Expandable calculations on big integers (HO
)
Package: bitset 2016/05/16 v1.2 Handle bit-vector datatype (HO)
Package: uniquecounter 2016/05/16 v1.3 Provide unlimited unique counter (HO)
)
Package hobsub Info: Skipping package `hobsub' (already loaded).
Package: letltxmacro 2016/05/16 v1.5 Let assignment for LaTeX macros (HO)
Package: hopatch 2016/05/16 v1.3 Wrapper for package hooks (HO)
Package: xcolor-patch 2016/05/16 xcolor patch
Package: atveryend 2016/05/16 v1.9 Hooks at the very end of document (HO)
Package: atbegshi 2016/05/16 v1.17 At begin shipout hook (HO)
Package: refcount 2016/05/16 v3.5 Data extraction from label references (HO)
Package: hycolor 2016/05/16 v1.8 Color options for hyperref/bookmark (HO)
)
(/usr/local/texlive/2016/texmf-dist/tex/latex/graphics/keyval.sty
Package: keyval 2014/10/28 v1.15 key=value parser (DPC)
\KV@toks@=\toks28
)
(/usr/local/texlive/2016/texmf-dist/tex/generic/ifxetex/ifxetex.sty
Package: ifxetex 2010/09/12 v0.6 Provides ifxetex conditional
)
(/usr/local/texlive/2016/texmf-dist/tex/latex/oberdiek/auxhook.sty
Package: auxhook 2016/05/16 v1.4 Hooks for auxiliary files (HO)
)
(/usr/local/texlive/2016/texmf-dist/tex/latex/oberdiek/kvoptions.sty
Package: kvoptions 2016/05/16 v3.12 Key value format for package options (HO)
)
\@linkdim=\dimen117
\Hy@linkcounter=\count106
\Hy@pagecounter=\count107

(/usr/local/texlive/2016/texmf-dist/tex/latex/hyperref/pd1enc.def
File: pd1enc.def 2016/05/05 v6.83n Hyperref: PDFDocEncoding definition (HO)
)
\Hy@SavedSpaceFactor=\count108

(/usr/local/texlive/2016/texmf-dist/tex/latex/latexconfig/hyperref.cfg
File: hyperref.cfg 2002/06/06 v1.2 hyperref configuration of TeXLive
)
Package hyperref Info: Option `final' set `true' on input line 4322.
Package hyperref Info: Option `colorlinks' set `true' on input line 4322.
Package hyperref Info: Hyper figures OFF on input line 4446.
Package hyperref Info: Link nesting OFF on input line 4451.
Package hyperref Info: Hyper index ON on input line 4454.
Package hyperref Info: Plain pages OFF on input line 4461.
Package hyperref Info: Backreferencing OFF on input line 4466.
Package hyperref Info: Implicit mode ON; LaTeX internals redefined.
Package hyperref Info: Bookmarks ON on input line 4691.
\c@Hy@tempcnt=\count109

(/usr/local/texlive/2016/texmf-dist/tex/latex/url/url.sty
\Urlmuskip=\muskip11
Package: url 2013/09/16  ver 3.4  Verb mode for urls, etc.
)
LaTeX Info: Redefining \url on input line 5044.
\XeTeXLinkMargin=\dimen118
\Fld@menulength=\count110
\Field@Width=\dimen119
\Fld@charsize=\dimen120
Package hyperref Info: Hyper figures OFF on input line 6298.
Package hyperref Info: Link nesting OFF on input line 6303.
Package hyperref Info: Hyper index ON on input line 6306.
Package hyperref Info: backreferencing OFF on input line 6313.
Package hyperref Info: Link coloring ON on input line 6316.
Package hyperref Info: Link coloring with OCG OFF on input line 6323.
Package hyperref Info: PDF/A mode OFF on input line 6328.
LaTeX Info: Redefining \ref on input line 6368.
LaTeX Info: Redefining \pageref on input line 6372.
\Hy@abspage=\count111
\c@Item=\count112
\c@Hfootnote=\count113
)

Package hyperref Message: Driver (autodetected): hpdftex.

(/usr/local/texlive/2016/texmf-dist/tex/latex/hyperref/hpdftex.def
File: hpdftex.def 2016/05/05 v6.83n Hyperref driver for pdfTeX
\Fld@listcount=\count114
\c@bookmark@seq@number=\count115

(/usr/local/texlive/2016/texmf-dist/tex/latex/oberdiek/rerunfilecheck.sty
Package: rerunfilecheck 2016/05/16 v1.8 Rerun checks for auxiliary files (HO)
Package uniquecounter Info: New unique counter `rerunfilecheck' on input line 2
82.
)
\Hy@SectionHShift=\skip57
)
(/usr/local/texlive/2016/texmf-dist/tex/latex/listings/listings.sty
\lst@mode=\count116
\lst@gtempboxa=\box31
\lst@token=\toks29
\lst@length=\count117
\lst@currlwidth=\dimen121
\lst@column=\count118
\lst@pos=\count119
\lst@lostspace=\dimen122
\lst@width=\dimen123
\lst@newlines=\count120
\lst@lineno=\count121
\lst@maxwidth=\dimen124

(/usr/local/texlive/2016/texmf-dist/tex/latex/listings/lstmisc.sty
File: lstmisc.sty 2015/06/04 1.6 (Carsten Heinz)
\c@lstnumber=\count122
\lst@skipnumbers=\count123
\lst@framebox=\box32
)
(/usr/local/texlive/2016/texmf-dist/tex/latex/listings/listings.cfg
File: listings.cfg 2015/06/04 1.6 listings configuration
))
Package: listings 2015/06/04 1.6 (Carsten Heinz)

(/usr/local/texlive/2016/texmf-dist/tex/latex/tools/verbatim.sty
Package: verbatim 2014/10/28 v1.5q LaTeX2e package for verbatim enhancements
\every@verbatim=\toks30
\verbatim@line=\toks31
\verbatim@in@stream=\read1
)
(/usr/local/texlive/2016/texmf-dist/tex/latex/booktabs/booktabs.sty
Package: booktabs 2016/04/27 v1.618033 publication quality tables
\heavyrulewidth=\dimen125
\lightrulewidth=\dimen126
\cmidrulewidth=\dimen127
\belowrulesep=\dimen128
\belowbottomsep=\dimen129
\aboverulesep=\dimen130
\abovetopsep=\dimen131
\cmidrulesep=\dimen132
\cmidrulekern=\dimen133
\defaultaddspace=\dimen134
\@cmidla=\count124
\@cmidlb=\count125
\@aboverulesep=\dimen135
\@belowrulesep=\dimen136
\@thisruleclass=\count126
\@lastruleclass=\count127
\@thisrulewidth=\dimen137
)
(/usr/local/texlive/2016/texmf-dist/tex/latex/amsfonts/eucal.sty
Package: eucal 2009/06/22 v3.00 Euler Script fonts
LaTeX Font Info:    Overwriting math alphabet `\EuScript' in version `bold'
(Font)                  U/eus/m/n --> U/eus/b/n on input line 33.
)
(/usr/local/texlive/2016/texmf-dist/tex/latex/pgf/frontendlayer/tikz.sty
(/usr/local/texlive/2016/texmf-dist/tex/latex/pgf/basiclayer/pgf.sty
(/usr/local/texlive/2016/texmf-dist/tex/latex/pgf/utilities/pgfrcs.sty
(/usr/local/texlive/2016/texmf-dist/tex/generic/pgf/utilities/pgfutil-common.te
x
\pgfutil@everybye=\toks32
\pgfutil@tempdima=\dimen138
\pgfutil@tempdimb=\dimen139

(/usr/local/texlive/2016/texmf-dist/tex/generic/pgf/utilities/pgfutil-common-li
sts.tex))
(/usr/local/texlive/2016/texmf-dist/tex/generic/pgf/utilities/pgfutil-latex.def
\pgfutil@abb=\box33
(/usr/local/texlive/2016/texmf-dist/tex/latex/ms/everyshi.sty
Package: everyshi 2001/05/15 v3.00 EveryShipout Package (MS)
))
(/usr/local/texlive/2016/texmf-dist/tex/generic/pgf/utilities/pgfrcs.code.tex
Package: pgfrcs 2015/08/07 v3.0.1a (rcs-revision 1.31)
))
Package: pgf 2015/08/07 v3.0.1a (rcs-revision 1.15)
(/usr/local/texlive/2016/texmf-dist/tex/latex/pgf/basiclayer/pgfcore.sty
(/usr/local/texlive/2016/texmf-dist/tex/latex/graphics/graphicx.sty
Package: graphicx 2014/10/28 v1.0g Enhanced LaTeX Graphics (DPC,SPQR)

(/usr/local/texlive/2016/texmf-dist/tex/latex/graphics/graphics.sty
Package: graphics 2016/05/09 v1.0r Standard LaTeX Graphics (DPC,SPQR)

(/usr/local/texlive/2016/texmf-dist/tex/latex/graphics/trig.sty
Package: trig 2016/01/03 v1.10 sin cos tan (DPC)
)
(/usr/local/texlive/2016/texmf-dist/tex/latex/graphics-cfg/graphics.cfg
File: graphics.cfg 2016/01/02 v1.10 sample graphics configuration
)
Package graphics Info: Driver file: pdftex.def on input line 96.

(/usr/local/texlive/2016/texmf-dist/tex/latex/pdftex-def/pdftex.def
File: pdftex.def 2011/05/27 v0.06d Graphics/color for pdfTeX
\Gread@gobject=\count128
))
\Gin@req@height=\dimen140
\Gin@req@width=\dimen141
)
(/usr/local/texlive/2016/texmf-dist/tex/latex/pgf/systemlayer/pgfsys.sty
(/usr/local/texlive/2016/texmf-dist/tex/generic/pgf/systemlayer/pgfsys.code.tex
Package: pgfsys 2014/07/09 v3.0.1a (rcs-revision 1.48)
(/usr/local/texlive/2016/texmf-dist/tex/generic/pgf/utilities/pgfkeys.code.tex
\pgfkeys@pathtoks=\toks33
\pgfkeys@temptoks=\toks34

(/usr/local/texlive/2016/texmf-dist/tex/generic/pgf/utilities/pgfkeysfiltered.c
ode.tex
\pgfkeys@tmptoks=\toks35
))
\pgf@x=\dimen142
\pgf@y=\dimen143
\pgf@xa=\dimen144
\pgf@ya=\dimen145
\pgf@xb=\dimen146
\pgf@yb=\dimen147
\pgf@xc=\dimen148
\pgf@yc=\dimen149
\w@pgf@writea=\write4
\r@pgf@reada=\read2
\c@pgf@counta=\count129
\c@pgf@countb=\count130
\c@pgf@countc=\count131
\c@pgf@countd=\count132
\t@pgf@toka=\toks36
\t@pgf@tokb=\toks37
\t@pgf@tokc=\toks38

(/usr/local/texlive/2016/texmf-dist/tex/generic/pgf/systemlayer/pgf.cfg
File: pgf.cfg 2008/05/14  (rcs-revision 1.7)
)
Driver file for pgf: pgfsys-pdftex.def

(/usr/local/texlive/2016/texmf-dist/tex/generic/pgf/systemlayer/pgfsys-pdftex.d
ef
File: pgfsys-pdftex.def 2014/10/11  (rcs-revision 1.35)

(/usr/local/texlive/2016/texmf-dist/tex/generic/pgf/systemlayer/pgfsys-common-p
df.def
File: pgfsys-common-pdf.def 2013/10/10  (rcs-revision 1.13)
)))
(/usr/local/texlive/2016/texmf-dist/tex/generic/pgf/systemlayer/pgfsyssoftpath.
code.tex
File: pgfsyssoftpath.code.tex 2013/09/09  (rcs-revision 1.9)
\pgfsyssoftpath@smallbuffer@items=\count133
\pgfsyssoftpath@bigbuffer@items=\count134
)
(/usr/local/texlive/2016/texmf-dist/tex/generic/pgf/systemlayer/pgfsysprotocol.
code.tex
File: pgfsysprotocol.code.tex 2006/10/16  (rcs-revision 1.4)
)) (/usr/local/texlive/2016/texmf-dist/tex/latex/xcolor/xcolor.sty
Package: xcolor 2016/05/11 v2.12 LaTeX color extensions (UK)

(/usr/local/texlive/2016/texmf-dist/tex/latex/graphics-cfg/color.cfg
File: color.cfg 2016/01/02 v1.6 sample color configuration
)
Package xcolor Info: Driver file: pdftex.def on input line 225.
Package xcolor Info: Model `cmy' substituted by `cmy0' on input line 1348.
Package xcolor Info: Model `hsb' substituted by `rgb' on input line 1352.
Package xcolor Info: Model `RGB' extended on input line 1364.
Package xcolor Info: Model `HTML' substituted by `rgb' on input line 1366.
Package xcolor Info: Model `Hsb' substituted by `hsb' on input line 1367.
Package xcolor Info: Model `tHsb' substituted by `hsb' on input line 1368.
Package xcolor Info: Model `HSB' substituted by `hsb' on input line 1369.
Package xcolor Info: Model `Gray' substituted by `gray' on input line 1370.
Package xcolor Info: Model `wave' substituted by `hsb' on input line 1371.
)
(/usr/local/texlive/2016/texmf-dist/tex/generic/pgf/basiclayer/pgfcore.code.tex
Package: pgfcore 2010/04/11 v3.0.1a (rcs-revision 1.7)
(/usr/local/texlive/2016/texmf-dist/tex/generic/pgf/math/pgfmath.code.tex
(/usr/local/texlive/2016/texmf-dist/tex/generic/pgf/math/pgfmathcalc.code.tex
(/usr/local/texlive/2016/texmf-dist/tex/generic/pgf/math/pgfmathutil.code.tex)
(/usr/local/texlive/2016/texmf-dist/tex/generic/pgf/math/pgfmathparser.code.tex
\pgfmath@dimen=\dimen150
\pgfmath@count=\count135
\pgfmath@box=\box34
\pgfmath@toks=\toks39
\pgfmath@stack@operand=\toks40
\pgfmath@stack@operation=\toks41
)
(/usr/local/texlive/2016/texmf-dist/tex/generic/pgf/math/pgfmathfunctions.code.
tex
(/usr/local/texlive/2016/texmf-dist/tex/generic/pgf/math/pgfmathfunctions.basic
.code.tex)
(/usr/local/texlive/2016/texmf-dist/tex/generic/pgf/math/pgfmathfunctions.trigo
nometric.code.tex)
(/usr/local/texlive/2016/texmf-dist/tex/generic/pgf/math/pgfmathfunctions.rando
m.code.tex)
(/usr/local/texlive/2016/texmf-dist/tex/generic/pgf/math/pgfmathfunctions.compa
rison.code.tex)
(/usr/local/texlive/2016/texmf-dist/tex/generic/pgf/math/pgfmathfunctions.base.
code.tex)
(/usr/local/texlive/2016/texmf-dist/tex/generic/pgf/math/pgfmathfunctions.round
.code.tex)
(/usr/local/texlive/2016/texmf-dist/tex/generic/pgf/math/pgfmathfunctions.misc.
code.tex)
(/usr/local/texlive/2016/texmf-dist/tex/generic/pgf/math/pgfmathfunctions.integ
erarithmetics.code.tex)))
(/usr/local/texlive/2016/texmf-dist/tex/generic/pgf/math/pgfmathfloat.code.tex
\c@pgfmathroundto@lastzeros=\count136
))
(/usr/local/texlive/2016/texmf-dist/tex/generic/pgf/basiclayer/pgfcorepoints.co
de.tex
File: pgfcorepoints.code.tex 2013/10/07  (rcs-revision 1.27)
\pgf@picminx=\dimen151
\pgf@picmaxx=\dimen152
\pgf@picminy=\dimen153
\pgf@picmaxy=\dimen154
\pgf@pathminx=\dimen155
\pgf@pathmaxx=\dimen156
\pgf@pathminy=\dimen157
\pgf@pathmaxy=\dimen158
\pgf@xx=\dimen159
\pgf@xy=\dimen160
\pgf@yx=\dimen161
\pgf@yy=\dimen162
\pgf@zx=\dimen163
\pgf@zy=\dimen164
)
(/usr/local/texlive/2016/texmf-dist/tex/generic/pgf/basiclayer/pgfcorepathconst
ruct.code.tex
File: pgfcorepathconstruct.code.tex 2013/10/07  (rcs-revision 1.29)
\pgf@path@lastx=\dimen165
\pgf@path@lasty=\dimen166
)
(/usr/local/texlive/2016/texmf-dist/tex/generic/pgf/basiclayer/pgfcorepathusage
.code.tex
File: pgfcorepathusage.code.tex 2014/11/02  (rcs-revision 1.24)
\pgf@shorten@end@additional=\dimen167
\pgf@shorten@start@additional=\dimen168
)
(/usr/local/texlive/2016/texmf-dist/tex/generic/pgf/basiclayer/pgfcorescopes.co
de.tex
File: pgfcorescopes.code.tex 2015/05/08  (rcs-revision 1.46)
\pgfpic=\box35
\pgf@hbox=\box36
\pgf@layerbox@main=\box37
\pgf@picture@serial@count=\count137
)
(/usr/local/texlive/2016/texmf-dist/tex/generic/pgf/basiclayer/pgfcoregraphicst
ate.code.tex
File: pgfcoregraphicstate.code.tex 2014/11/02  (rcs-revision 1.12)
\pgflinewidth=\dimen169
)
(/usr/local/texlive/2016/texmf-dist/tex/generic/pgf/basiclayer/pgfcoretransform
ations.code.tex
File: pgfcoretransformations.code.tex 2015/08/07  (rcs-revision 1.20)
\pgf@pt@x=\dimen170
\pgf@pt@y=\dimen171
\pgf@pt@temp=\dimen172
)
(/usr/local/texlive/2016/texmf-dist/tex/generic/pgf/basiclayer/pgfcorequick.cod
e.tex
File: pgfcorequick.code.tex 2008/10/09  (rcs-revision 1.3)
)
(/usr/local/texlive/2016/texmf-dist/tex/generic/pgf/basiclayer/pgfcoreobjects.c
ode.tex
File: pgfcoreobjects.code.tex 2006/10/11  (rcs-revision 1.2)
)
(/usr/local/texlive/2016/texmf-dist/tex/generic/pgf/basiclayer/pgfcorepathproce
ssing.code.tex
File: pgfcorepathprocessing.code.tex 2013/09/09  (rcs-revision 1.9)
)
(/usr/local/texlive/2016/texmf-dist/tex/generic/pgf/basiclayer/pgfcorearrows.co
de.tex
File: pgfcorearrows.code.tex 2015/05/14  (rcs-revision 1.43)
\pgfarrowsep=\dimen173
)
(/usr/local/texlive/2016/texmf-dist/tex/generic/pgf/basiclayer/pgfcoreshade.cod
e.tex
File: pgfcoreshade.code.tex 2013/07/15  (rcs-revision 1.15)
\pgf@max=\dimen174
\pgf@sys@shading@range@num=\count138
)
(/usr/local/texlive/2016/texmf-dist/tex/generic/pgf/basiclayer/pgfcoreimage.cod
e.tex
File: pgfcoreimage.code.tex 2013/07/15  (rcs-revision 1.18)

(/usr/local/texlive/2016/texmf-dist/tex/generic/pgf/basiclayer/pgfcoreexternal.
code.tex
File: pgfcoreexternal.code.tex 2014/07/09  (rcs-revision 1.21)
\pgfexternal@startupbox=\box38
))
(/usr/local/texlive/2016/texmf-dist/tex/generic/pgf/basiclayer/pgfcorelayers.co
de.tex
File: pgfcorelayers.code.tex 2013/07/18  (rcs-revision 1.7)
)
(/usr/local/texlive/2016/texmf-dist/tex/generic/pgf/basiclayer/pgfcoretranspare
ncy.code.tex
File: pgfcoretransparency.code.tex 2013/09/30  (rcs-revision 1.5)
)
(/usr/local/texlive/2016/texmf-dist/tex/generic/pgf/basiclayer/pgfcorepatterns.
code.tex
File: pgfcorepatterns.code.tex 2013/11/07  (rcs-revision 1.5)
)))
(/usr/local/texlive/2016/texmf-dist/tex/generic/pgf/modules/pgfmoduleshapes.cod
e.tex
File: pgfmoduleshapes.code.tex 2014/03/21  (rcs-revision 1.35)
\pgfnodeparttextbox=\box39
)
(/usr/local/texlive/2016/texmf-dist/tex/generic/pgf/modules/pgfmoduleplot.code.
tex
File: pgfmoduleplot.code.tex 2015/08/03  (rcs-revision 1.13)
)
(/usr/local/texlive/2016/texmf-dist/tex/latex/pgf/compatibility/pgfcomp-version
-0-65.sty
Package: pgfcomp-version-0-65 2007/07/03 v3.0.1a (rcs-revision 1.7)
\pgf@nodesepstart=\dimen175
\pgf@nodesepend=\dimen176
)
(/usr/local/texlive/2016/texmf-dist/tex/latex/pgf/compatibility/pgfcomp-version
-1-18.sty
Package: pgfcomp-version-1-18 2007/07/23 v3.0.1a (rcs-revision 1.1)
))
(/usr/local/texlive/2016/texmf-dist/tex/latex/pgf/utilities/pgffor.sty
(/usr/local/texlive/2016/texmf-dist/tex/latex/pgf/utilities/pgfkeys.sty
(/usr/local/texlive/2016/texmf-dist/tex/generic/pgf/utilities/pgfkeys.code.tex)
) (/usr/local/texlive/2016/texmf-dist/tex/latex/pgf/math/pgfmath.sty
(/usr/local/texlive/2016/texmf-dist/tex/generic/pgf/math/pgfmath.code.tex))
(/usr/local/texlive/2016/texmf-dist/tex/generic/pgf/utilities/pgffor.code.tex
Package: pgffor 2013/12/13 v3.0.1a (rcs-revision 1.25)

(/usr/local/texlive/2016/texmf-dist/tex/generic/pgf/math/pgfmath.code.tex)
\pgffor@iter=\dimen177
\pgffor@skip=\dimen178
\pgffor@stack=\toks42
\pgffor@toks=\toks43
))
(/usr/local/texlive/2016/texmf-dist/tex/generic/pgf/frontendlayer/tikz/tikz.cod
e.tex
Package: tikz 2015/08/07 v3.0.1a (rcs-revision 1.151)

(/usr/local/texlive/2016/texmf-dist/tex/generic/pgf/libraries/pgflibraryplothan
dlers.code.tex
File: pgflibraryplothandlers.code.tex 2013/08/31 v3.0.1a (rcs-revision 1.20)
\pgf@plot@mark@count=\count139
\pgfplotmarksize=\dimen179
)
\tikz@lastx=\dimen180
\tikz@lasty=\dimen181
\tikz@lastxsaved=\dimen182
\tikz@lastysaved=\dimen183
\tikzleveldistance=\dimen184
\tikzsiblingdistance=\dimen185
\tikz@figbox=\box40
\tikz@figbox@bg=\box41
\tikz@tempbox=\box42
\tikz@tempbox@bg=\box43
\tikztreelevel=\count140
\tikznumberofchildren=\count141
\tikznumberofcurrentchild=\count142
\tikz@fig@count=\count143

(/usr/local/texlive/2016/texmf-dist/tex/generic/pgf/modules/pgfmodulematrix.cod
e.tex
File: pgfmodulematrix.code.tex 2013/09/17  (rcs-revision 1.8)
\pgfmatrixcurrentrow=\count144
\pgfmatrixcurrentcolumn=\count145
\pgf@matrix@numberofcolumns=\count146
)
\tikz@expandcount=\count147

(/usr/local/texlive/2016/texmf-dist/tex/generic/pgf/frontendlayer/tikz/librarie
s/tikzlibrarytopaths.code.tex
File: tikzlibrarytopaths.code.tex 2008/06/17 v3.0.1a (rcs-revision 1.2)
)))
(/usr/local/texlive/2016/texmf-dist/tex/generic/pgf/frontendlayer/tikz/librarie
s/tikzlibraryshapes.code.tex
File: tikzlibraryshapes.code.tex 2008/01/09 v3.0.1a (rcs-revision 1.1)

(/usr/local/texlive/2016/texmf-dist/tex/generic/pgf/frontendlayer/tikz/librarie
s/tikzlibraryshapes.geometric.code.tex
File: tikzlibraryshapes.geometric.code.tex 2008/01/09 v3.0.1a (rcs-revision 1.1
)

(/usr/local/texlive/2016/texmf-dist/tex/generic/pgf/libraries/shapes/pgflibrary
shapes.geometric.code.tex
File: pgflibraryshapes.geometric.code.tex 2008/06/26 v3.0.1a (rcs-revision 1.1)

))
(/usr/local/texlive/2016/texmf-dist/tex/generic/pgf/frontendlayer/tikz/librarie
s/tikzlibraryshapes.misc.code.tex
File: tikzlibraryshapes.misc.code.tex 2008/01/09 v3.0.1a (rcs-revision 1.1)

(/usr/local/texlive/2016/texmf-dist/tex/generic/pgf/libraries/shapes/pgflibrary
shapes.misc.code.tex
File: pgflibraryshapes.misc.code.tex 2013/07/18 v3.0.1a (rcs-revision 1.5)
))
(/usr/local/texlive/2016/texmf-dist/tex/generic/pgf/frontendlayer/tikz/librarie
s/tikzlibraryshapes.symbols.code.tex
File: tikzlibraryshapes.symbols.code.tex 2008/01/09 v3.0.1a (rcs-revision 1.1)

(/usr/local/texlive/2016/texmf-dist/tex/generic/pgf/libraries/shapes/pgflibrary
shapes.symbols.code.tex
File: pgflibraryshapes.symbols.code.tex 2013/09/11 v3.0.1a (rcs-revision 1.6)
))
(/usr/local/texlive/2016/texmf-dist/tex/generic/pgf/frontendlayer/tikz/librarie
s/tikzlibraryshapes.arrows.code.tex
File: tikzlibraryshapes.arrows.code.tex 2008/01/09 v3.0.1a (rcs-revision 1.1)

(/usr/local/texlive/2016/texmf-dist/tex/generic/pgf/libraries/shapes/pgflibrary
shapes.arrows.code.tex
File: pgflibraryshapes.arrows.code.tex 2008/06/26 v3.0.1a (rcs-revision 1.1)
))
(/usr/local/texlive/2016/texmf-dist/tex/generic/pgf/frontendlayer/tikz/librarie
s/tikzlibraryshapes.callouts.code.tex
(/usr/local/texlive/2016/texmf-dist/tex/generic/pgf/libraries/shapes/pgflibrary
shapes.callouts.code.tex))
(/usr/local/texlive/2016/texmf-dist/tex/generic/pgf/frontendlayer/tikz/librarie
s/tikzlibraryshapes.multipart.code.tex
File: tikzlibraryshapes.multipart.code.tex 2008/01/09 v3.0.1a (rcs-revision 1.1
)

(/usr/local/texlive/2016/texmf-dist/tex/generic/pgf/libraries/shapes/pgflibrary
shapes.multipart.code.tex
File: pgflibraryshapes.multipart.code.tex 2010/01/07 v3.0.1a (rcs-revision 1.2)

\pgfnodepartlowerbox=\box44
\pgfnodeparttwobox=\box45
\pgfnodepartthreebox=\box46
\pgfnodepartfourbox=\box47
\pgfnodeparttwentybox=\box48
\pgfnodepartnineteenbox=\box49
\pgfnodeparteighteenbox=\box50
\pgfnodepartseventeenbox=\box51
\pgfnodepartsixteenbox=\box52
\pgfnodepartfifteenbox=\box53
\pgfnodepartfourteenbox=\box54
\pgfnodepartthirteenbox=\box55
\pgfnodeparttwelvebox=\box56
\pgfnodepartelevenbox=\box57
\pgfnodeparttenbox=\box58
\pgfnodepartninebox=\box59
\pgfnodeparteightbox=\box60
\pgfnodepartsevenbox=\box61
\pgfnodepartsixbox=\box62
\pgfnodepartfivebox=\box63
)))
(/usr/local/texlive/2016/texmf-dist/tex/generic/pgf/frontendlayer/tikz/librarie
s/tikzlibraryarrows.code.tex
File: tikzlibraryarrows.code.tex 2008/01/09 v3.0.1a (rcs-revision 1.1)

(/usr/local/texlive/2016/texmf-dist/tex/generic/pgf/libraries/pgflibraryarrows.
code.tex
File: pgflibraryarrows.code.tex 2013/09/23 v3.0.1a (rcs-revision 1.16)
\arrowsize=\dimen186
)) (/usr/local/texlive/2016/texmf-dist/tex/latex/caption/caption.sty
Package: caption 2016/02/21 v3.3-144 Customizing captions (AR)

(/usr/local/texlive/2016/texmf-dist/tex/latex/caption/caption3.sty
Package: caption3 2016/02/04 v1.7-139 caption3 kernel (AR)
Package caption3 Info: TeX engine: e-TeX on input line 67.
\captionmargin=\dimen187
\captionmargin@=\dimen188
\captionwidth=\dimen189
\caption@tempdima=\dimen190
\caption@indent=\dimen191
\caption@parindent=\dimen192
\caption@hangindent=\dimen193
)
\c@ContinuedFloat=\count148
Package caption Info: hyperref package is loaded.
Package caption Info: listings package is loaded.
)
(/usr/local/texlive/2016/texmf-dist/tex/latex/caption/subcaption.sty
Package: subcaption 2016/02/20 v1.1-142 Sub-captions (AR)
\c@subfigure=\count149
\c@subtable=\count150
)
\c@proposition=\count151

(/usr/local/texlive/2016/texmf-dist/tex/latex/fancyhdr/fancyhdr.sty
\fancy@headwidth=\skip58
\f@ncyO@elh=\skip59
\f@ncyO@erh=\skip60
\f@ncyO@olh=\skip61
\f@ncyO@orh=\skip62
\f@ncyO@elf=\skip63
\f@ncyO@erf=\skip64
\f@ncyO@olf=\skip65
\f@ncyO@orf=\skip66
))
(/usr/local/texlive/2016/texmf-dist/tex/latex/base/latexsym.sty
Package: latexsym 1998/08/17 v2.2e Standard LaTeX package (lasy symbols)
\symlasy=\mathgroup6
LaTeX Font Info:    Overwriting symbol font `lasy' in version `bold'
(Font)                  U/lasy/m/n --> U/lasy/b/n on input line 52.
)
(/usr/local/texlive/2016/texmf-dist/tex/latex/psnfss/mathptmx.sty
Package: mathptmx 2005/04/12 PSNFSS-v9.2a Times w/ Math, improved (SPQR, WaS) 
LaTeX Font Info:    Redeclaring symbol font `operators' on input line 28.
LaTeX Font Info:    Overwriting symbol font `operators' in version `normal'
(Font)                  OT1/cmr/m/n --> OT1/ztmcm/m/n on input line 28.
LaTeX Font Info:    Overwriting symbol font `operators' in version `bold'
(Font)                  OT1/cmr/bx/n --> OT1/ztmcm/m/n on input line 28.
LaTeX Font Info:    Redeclaring symbol font `letters' on input line 29.
LaTeX Font Info:    Overwriting symbol font `letters' in version `normal'
(Font)                  OML/cmm/m/it --> OML/ztmcm/m/it on input line 29.
LaTeX Font Info:    Overwriting symbol font `letters' in version `bold'
(Font)                  OML/cmm/b/it --> OML/ztmcm/m/it on input line 29.
LaTeX Font Info:    Redeclaring symbol font `symbols' on input line 30.
LaTeX Font Info:    Overwriting symbol font `symbols' in version `normal'
(Font)                  OMS/cmsy/m/n --> OMS/ztmcm/m/n on input line 30.
LaTeX Font Info:    Overwriting symbol font `symbols' in version `bold'
(Font)                  OMS/cmsy/b/n --> OMS/ztmcm/m/n on input line 30.
LaTeX Font Info:    Redeclaring symbol font `largesymbols' on input line 31.
LaTeX Font Info:    Overwriting symbol font `largesymbols' in version `normal'
(Font)                  OMX/cmex/m/n --> OMX/ztmcm/m/n on input line 31.
LaTeX Font Info:    Overwriting symbol font `largesymbols' in version `bold'
(Font)                  OMX/cmex/m/n --> OMX/ztmcm/m/n on input line 31.
\symbold=\mathgroup7
\symitalic=\mathgroup8
LaTeX Font Info:    Redeclaring math alphabet \mathbf on input line 34.
LaTeX Font Info:    Overwriting math alphabet `\mathbf' in version `normal'
(Font)                  OT1/cmr/bx/n --> OT1/ptm/bx/n on input line 34.
LaTeX Font Info:    Overwriting math alphabet `\mathbf' in version `bold'
(Font)                  OT1/cmr/bx/n --> OT1/ptm/bx/n on input line 34.
LaTeX Font Info:    Redeclaring math alphabet \mathit on input line 35.
LaTeX Font Info:    Overwriting math alphabet `\mathit' in version `normal'
(Font)                  OT1/cmr/m/it --> OT1/ptm/m/it on input line 35.
LaTeX Font Info:    Overwriting math alphabet `\mathit' in version `bold'
(Font)                  OT1/cmr/bx/it --> OT1/ptm/m/it on input line 35.
LaTeX Info: Redefining \hbar on input line 50.
)
(/usr/local/texlive/2016/texmf-dist/tex/latex/float/float.sty
Package: float 2001/11/08 v1.3d Float enhancements (AL)
\c@float@type=\count152
\float@exts=\toks44
\float@box=\box64
\@float@everytoks=\toks45
\@floatcapt=\box65
)
(/usr/local/texlive/2016/texmf-dist/tex/generic/pgf/frontendlayer/tikz/librarie
s/tikzlibrarypositioning.code.tex
File: tikzlibrarypositioning.code.tex 2008/10/06 v3.0.1a (rcs-revision 1.7)
)
(/usr/local/texlive/2016/texmf-dist/tex/latex/hyphenat/hyphenat.sty
Package: hyphenat 2009/09/02 v2.3c hyphenation utilities
\langwohyphens=\language83
LaTeX Info: Redefining \_ on input line 43.
)
(./prelim.aux)
\openout1 = `prelim.aux'.

LaTeX Font Info:    Checking defaults for OML/cmm/m/it on input line 72.
LaTeX Font Info:    ... okay on input line 72.
LaTeX Font Info:    Checking defaults for T1/cmr/m/n on input line 72.
LaTeX Font Info:    ... okay on input line 72.
LaTeX Font Info:    Checking defaults for OT1/cmr/m/n on input line 72.
LaTeX Font Info:    ... okay on input line 72.
LaTeX Font Info:    Checking defaults for OMS/cmsy/m/n on input line 72.
LaTeX Font Info:    ... okay on input line 72.
LaTeX Font Info:    Checking defaults for OMX/cmex/m/n on input line 72.
LaTeX Font Info:    ... okay on input line 72.
LaTeX Font Info:    Checking defaults for U/cmr/m/n on input line 72.
LaTeX Font Info:    ... okay on input line 72.
LaTeX Font Info:    Checking defaults for PD1/pdf/m/n on input line 72.
LaTeX Font Info:    ... okay on input line 72.
LaTeX Font Info:    Try loading font information for OT1+ptm on input line 72.
 (/usr/local/texlive/2016/texmf-dist/tex/latex/psnfss/ot1ptm.fd
File: ot1ptm.fd 2001/06/04 font definitions for OT1/ptm.
)
\AtBeginShipoutBox=\box66
Package hyperref Info: Link coloring ON on input line 72.

(/usr/local/texlive/2016/texmf-dist/tex/latex/hyperref/nameref.sty
Package: nameref 2012/10/27 v2.43 Cross-referencing by name of section

(/usr/local/texlive/2016/texmf-dist/tex/generic/oberdiek/gettitlestring.sty
Package: gettitlestring 2016/05/16 v1.5 Cleanup title references (HO)
)
\c@section@level=\count153
)
LaTeX Info: Redefining \ref on input line 72.
LaTeX Info: Redefining \pageref on input line 72.
LaTeX Info: Redefining \nameref on input line 72.

(./prelim.out) (./prelim.out)
\@outlinefile=\write5
\openout5 = `prelim.out'.

\c@lstlisting=\count154
 ABD: EveryShipout initializing macros
(/usr/local/texlive/2016/texmf-dist/tex/context/base/mkii/supp-pdf.mkii
[Loading MPS to PDF converter (version 2006.09.02).]
\scratchcounter=\count155
\scratchdimen=\dimen194
\scratchbox=\box67
\nofMPsegments=\count156
\nofMParguments=\count157
\everyMPshowfont=\toks46
\MPscratchCnt=\count158
\MPscratchDim=\dimen195
\MPnumerator=\count159
\makeMPintoPDFobject=\count160
\everyMPtoPDFconversion=\toks47
) (/usr/local/texlive/2016/texmf-dist/tex/latex/oberdiek/epstopdf-base.sty
Package: epstopdf-base 2016/05/15 v2.6 Base part for package epstopdf

(/usr/local/texlive/2016/texmf-dist/tex/latex/oberdiek/grfext.sty
Package: grfext 2016/05/16 v1.2 Manage graphics extensions (HO)
)
Package grfext Info: Graphics extension search list:
(grfext)             [.png,.pdf,.jpg,.mps,.jpeg,.jbig2,.jb2,.PNG,.PDF,.JPG,.JPE
G,.JBIG2,.JB2,.eps]
(grfext)             \AppendGraphicsExtensions on input line 456.

(/usr/local/texlive/2016/texmf-dist/tex/latex/latexconfig/epstopdf-sys.cfg
File: epstopdf-sys.cfg 2010/07/13 v1.3 Configuration of (r)epstopdf for TeX Liv
e
))
Package caption Info: Begin \AtBeginDocument code.
Package caption Info: float package is loaded.
Package caption Info: End \AtBeginDocument code.

[0



{/usr/local/texlive/2016/texmf-var/fonts/map/pdftex/updmap/pdftex.map}]
[2] [3]
LaTeX Font Info:    Font shape `OT1/ptm/bx/n' in size <24.88> not available
(Font)              Font shape `OT1/ptm/b/n' tried instead on input line 76.
 (./prelim.toc
LaTeX Font Info:    Font shape `OT1/ptm/bx/n' in size <12> not available
(Font)              Font shape `OT1/ptm/b/n' tried instead on input line 1.
LaTeX Font Info:    Try loading font information for OT1+ztmcm on input line 4.


(/usr/local/texlive/2016/texmf-dist/tex/latex/psnfss/ot1ztmcm.fd
File: ot1ztmcm.fd 2000/01/03 Fontinst v1.801 font definitions for OT1/ztmcm.
)
LaTeX Font Info:    Try loading font information for OML+ztmcm on input line 4.


(/usr/local/texlive/2016/texmf-dist/tex/latex/psnfss/omlztmcm.fd
File: omlztmcm.fd 2000/01/03 Fontinst v1.801 font definitions for OML/ztmcm.
)
LaTeX Font Info:    Try loading font information for OMS+ztmcm on input line 4.


(/usr/local/texlive/2016/texmf-dist/tex/latex/psnfss/omsztmcm.fd
File: omsztmcm.fd 2000/01/03 Fontinst v1.801 font definitions for OMS/ztmcm.
)
LaTeX Font Info:    Try loading font information for OMX+ztmcm on input line 4.


(/usr/local/texlive/2016/texmf-dist/tex/latex/psnfss/omxztmcm.fd
File: omxztmcm.fd 2000/01/03 Fontinst v1.801 font definitions for OMX/ztmcm.
)
LaTeX Font Info:    Try loading font information for U+lasy on input line 4.

(/usr/local/texlive/2016/texmf-dist/tex/latex/base/ulasy.fd
File: ulasy.fd 1998/08/17 v2.2e LaTeX symbol font definitions
)
LaTeX Font Info:    Font shape `OT1/ptm/bx/n' in size <9> not available
(Font)              Font shape `OT1/ptm/b/n' tried instead on input line 4.
LaTeX Font Info:    Font shape `OT1/ptm/bx/n' in size <7> not available
(Font)              Font shape `OT1/ptm/b/n' tried instead on input line 4.

Underfull \vbox (badness 6944) has occurred while \output is active []

 [4

]
Underfull \vbox (badness 10000) has occurred while \output is active []

 [5]
Underfull \vbox (badness 3039) has occurred while \output is active []

 [6])
\tf@toc=\write6
\openout6 = `prelim.toc'.


[7] (./prelim.lof
Underfull \vbox (badness 10000) has occurred while \output is active []

 [8

]
Underfull \vbox (badness 10000) has occurred while \output is active []

 [9]
LaTeX Font Info:    Try loading font information for OMS+ptm on input line 17.

(/usr/local/texlive/2016/texmf-dist/tex/latex/psnfss/omsptm.fd
File: omsptm.fd 
)
LaTeX Font Info:    Font shape `OMS/ptm/m/n' in size <12> not available
(Font)              Font shape `OMS/cmsy/m/n' tried instead on input line 17.

Underfull \vbox (badness 10000) has occurred while \output is active []

 [10]
Underfull \vbox (badness 10000) has occurred while \output is active []

 [11]
Underfull \vbox (badness 10000) has occurred while \output is active []

 [12]
Underfull \vbox (badness 10000) has occurred while \output is active []

 [13])
\tf@lof=\write7
\openout7 = `prelim.lof'.


[14] (./prelim.lot
Overfull \hbox (4.58827pt too wide) in paragraph at lines 4--4
 [][] [][][]\OT1/ptm/m/n/12 A de-scrip-tion of the sys-tem pa-ram-e-ters be-ing
 con-sid-ered in the IO-zone tests. Record 
 []


Overfull \hbox (0.65352pt too wide) in paragraph at lines 12--12
 [][] [][][]\OT1/ptm/m/n/12 Numerical coun-ter-part of the his-togram data pre-
sented in Fig-ure [][]6.11[][]. The columns 
 []


Underfull \vbox (badness 10000) has occurred while \output is active []

 [15

]
Underfull \vbox (badness 10000) has occurred while \output is active []

 [16]
Underfull \vbox (badness 10000) has occurred while \output is active []

 [17])
\tf@lot=\write8
\openout8 = `prelim.lot'.


[18]
Chapter 1.
(./apps.tex
Underfull \vbox (badness 10000) has occurred while \output is active []

 [1


]
LaTeX Font Info:    Font shape `OT1/ptm/bx/n' in size <17.28> not available
(Font)              Font shape `OT1/ptm/b/n' tried instead on input line 13.

Underfull \vbox (badness 10000) has occurred while \output is active []

 [2]
Underfull \vbox (badness 10000) has occurred while \output is active []

 [3]
Underfull \vbox (badness 10000) has occurred while \output is active []

 [4]
Underfull \vbox (badness 2310) has occurred while \output is active []

 [5])
[6]
Chapter 2.
(./algs.tex
LaTeX Font Info:    Font shape `OT1/ptm/bx/n' in size <14.4> not available
(Font)              Font shape `OT1/ptm/b/n' tried instead on input line 22.
 [7

] [8]
Underfull \vbox (badness 5924) has occurred while \output is active []

 [9]
[10]) [11]
Chapter 3.
(./naive.tex [12

]
<Figures/HPC/Raw_Throughput.pdf, id=890, 469.755pt x 265.9536pt>
File: Figures/HPC/Raw_Throughput.pdf Graphic file (type pdf)

<use Figures/HPC/Raw_Throughput.pdf>
Package pdftex.def Info: Figures/HPC/Raw_Throughput.pdf used on input line 63.
(pdftex.def)             Requested size: 469.75499pt x 200.91058pt.
 [13] [14 <./Figures/HPC/Raw_Throughput.pdf>]
Underfull \vbox (badness 10000) has occurred while \output is active []

 [15]
<Figures/HPC/Mean_Dim.pdf, id=953, 469.755pt x 274.626pt>
File: Figures/HPC/Mean_Dim.pdf Graphic file (type pdf)

<use Figures/HPC/Mean_Dim.pdf>
Package pdftex.def Info: Figures/HPC/Mean_Dim.pdf used on input line 185.
(pdftex.def)             Requested size: 469.75499pt x 216.80928pt.

<Figures/HPC/Mean_TT_Ratio.pdf, id=954, 469.755pt x 274.626pt>
File: Figures/HPC/Mean_TT_Ratio.pdf Graphic file (type pdf)

<use Figures/HPC/Mean_TT_Ratio.pdf>
Package pdftex.def Info: Figures/HPC/Mean_TT_Ratio.pdf used on input line 196.
(pdftex.def)             Requested size: 469.75499pt x 216.80928pt.

<Figures/HPC/Var_TT_Ratio.pdf, id=955, 469.755pt x 274.626pt>
File: Figures/HPC/Var_TT_Ratio.pdf Graphic file (type pdf)

<use Figures/HPC/Var_TT_Ratio.pdf>
Package pdftex.def Info: Figures/HPC/Var_TT_Ratio.pdf used on input line 212.
(pdftex.def)             Requested size: 469.75499pt x 216.80928pt.

Underfull \vbox (badness 10000) has occurred while \output is active []

 [16]
Underfull \vbox (badness 10000) has occurred while \output is active []

 [17 <./Figures/HPC/Mean_Dim.pdf>] [18 <./Figures/HPC/Mean_TT_Ratio.pdf>]
Underfull \vbox (badness 10000) has occurred while \output is active []

 [19 <./Figures/HPC/Var_TT_Ratio.pdf>]
Underfull \vbox (badness 1424) has occurred while \output is active []

 [20])
[21]
Chapter 4.
(./boxes.tex <Figures/ACM/1D-linear.pdf, id=1067, 361.35pt x 222.8325pt>
File: Figures/ACM/1D-linear.pdf Graphic file (type pdf)

<use Figures/ACM/1D-linear.pdf>
Package pdftex.def Info: Figures/ACM/1D-linear.pdf used on input line 16.
(pdftex.def)             Requested size: 211.3883pt x 130.35478pt.

<Figures/ACM/1D-quadratic.pdf, id=1068, 361.35pt x 222.8325pt>
File: Figures/ACM/1D-quadratic.pdf Graphic file (type pdf)

<use Figures/ACM/1D-quadratic.pdf>
Package pdftex.def Info: Figures/ACM/1D-quadratic.pdf used on input line 17.
(pdftex.def)             Requested size: 211.3883pt x 130.35478pt.

<Figures/ACM/2D-linear.pdf, id=1069, 385.44pt x 325.215pt>
File: Figures/ACM/2D-linear.pdf Graphic file (type pdf)

<use Figures/ACM/2D-linear.pdf>
Package pdftex.def Info: Figures/ACM/2D-linear.pdf used on input line 24.
(pdftex.def)             Requested size: 211.3883pt x 178.35767pt.

<Figures/ACM/2D-quadratic.pdf, id=1070, 385.44pt x 325.215pt>
File: Figures/ACM/2D-quadratic.pdf Graphic file (type pdf)

<use Figures/ACM/2D-quadratic.pdf>
Package pdftex.def Info: Figures/ACM/2D-quadratic.pdf used on input line 25.
(pdftex.def)             Requested size: 211.3883pt x 178.35767pt.

Underfull \vbox (badness 10000) has occurred while \output is active []

 [22

]
[23 <./Figures/ACM/1D-linear.pdf> <./Figures/ACM/1D-quadratic.pdf

pdfTeX warning: pdflatex (file ./Figures/ACM/1D-quadratic.pdf): PDF inclusion: 
multiple pdfs with page group included in a single page
> <./Figures/ACM/2D-linear.pdf

pdfTeX warning: pdflatex (file ./Figures/ACM/2D-linear.pdf): PDF inclusion: mul
tiple pdfs with page group included in a single page
> <./Figures/ACM/2D-quadratic.pdf

pdfTeX warning: pdflatex (file ./Figures/ACM/2D-quadratic.pdf): PDF inclusion: 
multiple pdfs with page group included in a single page
>]
Underfull \vbox (badness 10000) has occurred while \output is active []

 [24]

Package amsmath Warning: Foreign command \over;
(amsmath)                \frac or \genfrac should be used instead
(amsmath)                 on input line 81.


Underfull \vbox (badness 10000) has occurred while \output is active []

 [25]
[26]
Underfull \vbox (badness 10000) has occurred while \output is active []

 [27]
[28]
Overfull \hbox (11.39716pt too wide) in paragraph at lines 128--129
[]\OT1/ptm/m/n/12 Add a new box $\OT1/ztmcm/m/n/12 [\OML/ztmcm/m/it/12 L; U\OT1
/ztmcm/m/n/12 ]$ \OT1/ptm/m/n/12 an-chored at $\OML/ztmcm/m/it/12 x[] [] C$ \OT
1/ptm/m/n/12 such that $[]\OML/ztmcm/m/it/12 IBM\OT1/ztmcm/m/n/12 (\OML/ztmcm/m
/it/12 x[]\OT1/ztmcm/m/n/12 ) \OMS/ztmcm/m/n/12 ^^@ \OML/ztmcm/m/it/12 f\OT1/zt
mcm/m/n/12 (\OML/ztmcm/m/it/12 x[]\OT1/ztmcm/m/n/12 )[] = [][][]\OML/ztmcm/m/it
/12 IBM\OT1/ztmcm/m/n/12 (\OML/ztmcm/m/it/12 x\OT1/ztmcm/m/n/12 ) \OMS/ztmcm/m/
n/12 ^^@
 []


Underfull \vbox (badness 10000) has occurred while \output is active []

 [29]
Underfull \vbox (badness 10000) has occurred while \output is active []

 [30]
<Figures/ACM/p-hist.pdf, id=1165, 361.35pt x 82.3075pt>
File: Figures/ACM/p-hist.pdf Graphic file (type pdf)

<use Figures/ACM/p-hist.pdf>
Package pdftex.def Info: Figures/ACM/p-hist.pdf used on input line 177.
(pdftex.def)             Requested size: 375.80542pt x 85.60027pt.

<Figures/ACM/f-hist.pdf, id=1166, 361.35pt x 82.3075pt>
File: Figures/ACM/f-hist.pdf Graphic file (type pdf)

<use Figures/ACM/f-hist.pdf>
Package pdftex.def Info: Figures/ACM/f-hist.pdf used on input line 178.
(pdftex.def)             Requested size: 375.80542pt x 85.60027pt.

<Figures/ACM/h-hist.pdf, id=1167, 361.35pt x 88.33pt>
File: Figures/ACM/h-hist.pdf Graphic file (type pdf)

<use Figures/ACM/h-hist.pdf>
Package pdftex.def Info: Figures/ACM/h-hist.pdf used on input line 179.
(pdftex.def)             Requested size: 375.80542pt x 91.86371pt.
LaTeX Font Info:    Font shape `OT1/ptm/bx/n' in size <10.95> not available
(Font)              Font shape `OT1/ptm/b/n' tried instead on input line 185.
LaTeX Font Info:    Font shape `OT1/ptm/bx/n' in size <8> not available
(Font)              Font shape `OT1/ptm/b/n' tried instead on input line 185.


Package hyperref Warning: Token not allowed in a PDF string (PDFDocEncoding):
(hyperref)                removing `math shift' on input line 185.


Package hyperref Warning: Token not allowed in a PDF string (PDFDocEncoding):
(hyperref)                removing `math shift' on input line 185.


Underfull \vbox (badness 3713) has occurred while \output is active []

 [31]
<Figures/ACM/eval-times.pdf, id=1177, 744.7825pt x 172.645pt>
File: Figures/ACM/eval-times.pdf Graphic file (type pdf)

<use Figures/ACM/eval-times.pdf>
Package pdftex.def Info: Figures/ACM/eval-times.pdf used on input line 191.
(pdftex.def)             Requested size: 446.282pt x 113.81169pt.

Overfull \hbox (1.42249pt too wide) in paragraph at lines 194--196
 [][] 
 []


Package hyperref Warning: Token not allowed in a PDF string (PDFDocEncoding):
(hyperref)                removing `math shift' on input line 200.


Package hyperref Warning: Token not allowed in a PDF string (PDFDocEncoding):
(hyperref)                removing `math shift' on input line 200.


Underfull \vbox (badness 10000) has occurred while \output is active []

 [32 <./Figures/ACM/p-hist.pdf> <./Figures/ACM/f-hist.pdf

pdfTeX warning: pdflatex (file ./Figures/ACM/f-hist.pdf): PDF inclusion: multip
le pdfs with page group included in a single page
> <./Figures/ACM/h-hist.pdf

pdfTeX warning: pdflatex (file ./Figures/ACM/h-hist.pdf): PDF inclusion: multip
le pdfs with page group included in a single page
>]

Package hyperref Warning: Token not allowed in a PDF string (PDFDocEncoding):
(hyperref)                removing `math shift' on input line 203.


Package hyperref Warning: Token not allowed in a PDF string (PDFDocEncoding):
(hyperref)                removing `math shift' on input line 203.


Underfull \vbox (badness 10000) has occurred while \output is active []

 [33 <./Figures/ACM/eval-times.pdf>]
<Figures/ACM/all-performance.pdf, id=1250, 699.61375pt x 420.57124pt>
File: Figures/ACM/all-performance.pdf Graphic file (type pdf)

<use Figures/ACM/all-performance.pdf>
Package pdftex.def Info: Figures/ACM/all-performance.pdf used on input line 239
.
(pdftex.def)             Requested size: 446.26741pt x 270.30055pt.

Overfull \hbox (2.6379pt too wide) in paragraph at lines 242--243
[][] 
 []


Underfull \vbox (badness 10000) has occurred while \output is active []

 [34]
<Figures/ACM/perf-sample.pdf, id=1255, 750.805pt x 463.7325pt>
File: Figures/ACM/perf-sample.pdf Graphic file (type pdf)

<use Figures/ACM/perf-sample.pdf>
Package pdftex.def Info: Figures/ACM/perf-sample.pdf used on input line 249.
(pdftex.def)             Requested size: 446.27054pt x 270.30238pt.

Overfull \hbox (1.42603pt too wide) in paragraph at lines 252--254
[][] 
 []


Underfull \vbox (badness 10000) has occurred while \output is active []

 [35 <./Figures/ACM/all-performance.pdf>] [36 <./Figures/ACM/perf-sample.pdf>] 
[37])
[38]
Chapter 5.
(./strong.tex <Figures/NA/Fig1.pdf, id=1330, 547.04375pt x 241.90375pt>
File: Figures/NA/Fig1.pdf Graphic file (type pdf)

<use Figures/NA/Fig1.pdf>
Package pdftex.def Info: Figures/NA/Fig1.pdf used on input line 11.
(pdftex.def)             Requested size: 352.31624pt x 155.79602pt.
 [39

]
Underfull \vbox (badness 10000) has occurred while \output is active []

 [40 <./Figures/NA/Fig1.pdf>]
<Figures/IEEE/plot-histogram-throughput.pdf, id=1366, 361.35pt x 126.4725pt>
File: Figures/IEEE/plot-histogram-throughput.pdf Graphic file (type pdf)

<use Figures/IEEE/plot-histogram-throughput.pdf>
Package pdftex.def Info: Figures/IEEE/plot-histogram-throughput.pdf used on inp
ut line 100.
(pdftex.def)             Requested size: 375.80542pt x 131.53215pt.

Underfull \vbox (badness 10000) has occurred while \output is active []

 [41]
Underfull \vbox (badness 3872) has occurred while \output is active []

 [42 <./Figures/IEEE/plot-histogram-throughput.pdf>]
<Figures/IEEE/plot-histogram-80_20-KS.pdf, id=1410, 345.29pt x 301.125pt>
File: Figures/IEEE/plot-histogram-80_20-KS.pdf Graphic file (type pdf)

<use Figures/IEEE/plot-histogram-80_20-KS.pdf>
Package pdftex.def Info: Figures/IEEE/plot-histogram-80_20-KS.pdf used on input
 line 114.
(pdftex.def)             Requested size: 375.80542pt x 373.97926pt.
 [43] [44 <./Figures/IEEE/plot-histogram-80_20-KS.pdf>]
Underfull \vbox (badness 10000) has occurred while \output is active []

 [45]
<Figures/IEEE/plot-KS-Failure-by-Training.pdf, id=1449, 361.35pt x 272.01625pt>
File: Figures/IEEE/plot-KS-Failure-by-Training.pdf Graphic file (type pdf)
<use Figures/IEEE/plot-KS-Failure-by-Training.pdf>
Package pdftex.def Info: Figures/IEEE/plot-KS-Failure-by-Training.pdf used on i
nput line 155.
(pdftex.def)             Requested size: 375.80542pt x 282.89851pt.

Underfull \vbox (badness 10000) has occurred while \output is active []

 [46 <./Figures/IEEE/plot-KS-Failure-by-Training.pdf>] [47]
Underfull \vbox (badness 10000) has occurred while \output is active []

 [48]
<Figures/IEEE/plot-KS-failure-by-training-and-test.pdf, id=1483, 260.975pt x 32
8.22626pt>
File: Figures/IEEE/plot-KS-failure-by-training-and-test.pdf Graphic file (type 
pdf)
 <use Figures/IEEE/plot-KS-failure-by-training-and-test.pdf>
Package pdftex.def Info: Figures/IEEE/plot-KS-failure-by-training-and-test.pdf 
used on input line 206.
(pdftex.def)             Requested size: 375.80542pt x 472.65546pt.

Underfull \vbox (badness 10000) has occurred while \output is active []

 [49]
[50 <./Figures/IEEE/plot-KS-failure-by-training-and-test.pdf>]) [51]
Chapter 6.
(./error.tex
Underfull \vbox (badness 10000) has occurred while \output is active []

 [52

]
[53]
Underfull \vbox (badness 6961) has occurred while \output is active []

 [54]
[55]

LaTeX Warning: Reference `sec:introduction' on page 56 undefined on input line 
167.


Package hyperref Warning: Token not allowed in a PDF string (PDFDocEncoding):
(hyperref)                removing `math shift' on input line 173.


Package hyperref Warning: Token not allowed in a PDF string (PDFDocEncoding):
(hyperref)                removing `math shift' on input line 173.


Package hyperref Warning: Token not allowed in a PDF string (PDFDocEncoding):
(hyperref)                removing `math shift' on input line 173.


Package hyperref Warning: Token not allowed in a PDF string (PDFDocEncoding):
(hyperref)                removing `math shift' on input line 173.

<Figures/NA/Fig2.pdf, id=1558, 459.7175pt x 148.555pt>
File: Figures/NA/Fig2.pdf Graphic file (type pdf)

<use Figures/NA/Fig2.pdf>
Package pdftex.def Info: Figures/NA/Fig2.pdf used on input line 178.
(pdftex.def)             Requested size: 352.31624pt x 113.855pt.

Underfull \vbox (badness 10000) has occurred while \output is active []

 [56]
<Figures/NA/Fig3.pdf, id=1565, 459.7175pt x 180.675pt>
File: Figures/NA/Fig3.pdf Graphic file (type pdf)

<use Figures/NA/Fig3.pdf>
Package pdftex.def Info: Figures/NA/Fig3.pdf used on input line 192.
(pdftex.def)             Requested size: 375.80542pt x 147.70508pt.


Package hyperref Warning: Token not allowed in a PDF string (PDFDocEncoding):
(hyperref)                removing `math shift' on input line 232.


Package hyperref Warning: Token not allowed in a PDF string (PDFDocEncoding):
(hyperref)                removing `math shift' on input line 232.


Package hyperref Warning: Token not allowed in a PDF string (PDFDocEncoding):
(hyperref)                removing `math shift' on input line 232.


Package hyperref Warning: Token not allowed in a PDF string (PDFDocEncoding):
(hyperref)                removing `math shift' on input line 232.

<Figures/NA/Fig4.pdf, id=1574, 466.74374pt x 152.57pt>
File: Figures/NA/Fig4.pdf Graphic file (type pdf)

<use Figures/NA/Fig4.pdf>
Package pdftex.def Info: Figures/NA/Fig4.pdf used on input line 237.
(pdftex.def)             Requested size: 352.31624pt x 115.16985pt.

<Figures/NA/Fig5.pdf, id=1575, 466.74374pt x 179.67125pt>
File: Figures/NA/Fig5.pdf Graphic file (type pdf)

<use Figures/NA/Fig5.pdf>
Package pdftex.def Info: Figures/NA/Fig5.pdf used on input line 249.
(pdftex.def)             Requested size: 375.80542pt x 144.67204pt.
 [57 <./Figures/NA/Fig2.pdf>] [58 <./Figures/NA/Fig3.pdf> <./Figures/NA/Fig4.pd
f

pdfTeX warning: pdflatex (file ./Figures/NA/Fig4.pdf): PDF inclusion: multiple 
pdfs with page group included in a single page
>]

Package hyperref Warning: Token not allowed in a PDF string (PDFDocEncoding):
(hyperref)                removing `math shift' on input line 284.


Package hyperref Warning: Token not allowed in a PDF string (PDFDocEncoding):
(hyperref)                removing `math shift' on input line 284.


Package hyperref Warning: Token not allowed in a PDF string (PDFDocEncoding):
(hyperref)                removing `math shift' on input line 284.


Package hyperref Warning: Token not allowed in a PDF string (PDFDocEncoding):
(hyperref)                removing `math shift' on input line 284.

<Figures/NA/Fig6.pdf, id=1612, 458.71375pt x 146.5475pt>
File: Figures/NA/Fig6.pdf Graphic file (type pdf)

<use Figures/NA/Fig6.pdf>
Package pdftex.def Info: Figures/NA/Fig6.pdf used on input line 289.
(pdftex.def)             Requested size: 352.31624pt x 112.56015pt.

<Figures/NA/Fig7.pdf, id=1613, 458.71375pt x 180.675pt>
File: Figures/NA/Fig7.pdf Graphic file (type pdf)

<use Figures/NA/Fig7.pdf>
Package pdftex.def Info: Figures/NA/Fig7.pdf used on input line 304.
(pdftex.def)             Requested size: 375.80542pt x 148.02763pt.
 [59 <./Figures/NA/Fig5.pdf>] [60 <./Figures/NA/Fig6.pdf> <./Figures/NA/Fig7.pd
f

pdfTeX warning: pdflatex (file ./Figures/NA/Fig7.pdf): PDF inclusion: multiple 
pdfs with page group included in a single page
>]

Package hyperref Warning: Token not allowed in a PDF string (PDFDocEncoding):
(hyperref)                removing `math shift' on input line 340.


Package hyperref Warning: Token not allowed in a PDF string (PDFDocEncoding):
(hyperref)                removing `math shift' on input line 340.


Package hyperref Warning: Token not allowed in a PDF string (PDFDocEncoding):
(hyperref)                removing `math shift' on input line 340.


Package hyperref Warning: Token not allowed in a PDF string (PDFDocEncoding):
(hyperref)                removing `math shift' on input line 340.

<Figures/NA/Fig8.pdf, id=1651, 491.8375pt x 156.585pt>
File: Figures/NA/Fig8.pdf Graphic file (type pdf)

<use Figures/NA/Fig8.pdf>
Package pdftex.def Info: Figures/NA/Fig8.pdf used on input line 345.
(pdftex.def)             Requested size: 352.31624pt x 112.17006pt.

<Figures/NA/Fig9.pdf, id=1652, 491.8375pt x 193.72375pt>
File: Figures/NA/Fig9.pdf Graphic file (type pdf)

<use Figures/NA/Fig9.pdf>
Package pdftex.def Info: Figures/NA/Fig9.pdf used on input line 360.
(pdftex.def)             Requested size: 375.80542pt x 148.02673pt.

Underfull \vbox (badness 3148) has occurred while \output is active []

 [61 <./Figures/NA/Fig8.pdf>]

Package hyperref Warning: Token not allowed in a PDF string (PDFDocEncoding):
(hyperref)                removing `math shift' on input line 397.


Package hyperref Warning: Token not allowed in a PDF string (PDFDocEncoding):
(hyperref)                removing `math shift' on input line 397.


Package hyperref Warning: Token not allowed in a PDF string (PDFDocEncoding):
(hyperref)                removing `math shift' on input line 397.


Package hyperref Warning: Token not allowed in a PDF string (PDFDocEncoding):
(hyperref)                removing `math shift' on input line 397.

<Figures/NA/Fig10.pdf, id=1678, 493.845pt x 153.57375pt>
File: Figures/NA/Fig10.pdf Graphic file (type pdf)

<use Figures/NA/Fig10.pdf>
Package pdftex.def Info: Figures/NA/Fig10.pdf used on input line 402.
(pdftex.def)             Requested size: 352.31624pt x 109.56068pt.

<Figures/NA/Fig11.pdf, id=1679, 493.845pt x 190.7125pt>
File: Figures/NA/Fig11.pdf Graphic file (type pdf)

<use Figures/NA/Fig11.pdf>
Package pdftex.def Info: Figures/NA/Fig11.pdf used on input line 417.
(pdftex.def)             Requested size: 375.80542pt x 145.12633pt.
 [62 <./Figures/NA/Fig9.pdf>] [63 <./Figures/NA/Fig10.pdf> <./Figures/NA/Fig11.
pdf

pdfTeX warning: pdflatex (file ./Figures/NA/Fig11.pdf): PDF inclusion: multiple
 pdfs with page group included in a single page
>] <Figures/NA/Fig12.pdf, id=1734, 413.545pt x 250.9375pt>
File: Figures/NA/Fig12.pdf Graphic file (type pdf)

<use Figures/NA/Fig12.pdf>
Package pdftex.def Info: Figures/NA/Fig12.pdf used on input line 455.
(pdftex.def)             Requested size: 375.80542pt x 228.04332pt.

Underfull \vbox (badness 10000) has occurred while \output is active []

 [64 <./Figures/NA/Fig12.pdf>] [65]
Underfull \vbox (badness 10000) has occurred while \output is active []

 [66])
[67]
Chapter 7.

Package hyperref Warning: Token not allowed in a PDF string (PDFDocEncoding):
(hyperref)                removing `math shift' on input line 117.


Package hyperref Warning: Token not allowed in a PDF string (PDFDocEncoding):
(hyperref)                removing `superscript' on input line 117.


Package hyperref Warning: Token not allowed in a PDF string (PDFDocEncoding):
(hyperref)                removing `math shift' on input line 117.

(./splines.tex
Underfull \vbox (badness 10000) has occurred while \output is active []

 [68

]
Underfull \vbox (badness 3895) has occurred while \output is active []

 [69]
<Figures/splines/feasible_region.png, id=1801, 516.93124pt x 429.605pt>
File: Figures/splines/feasible_region.png Graphic file (type png)

<use Figures/splines/feasible_region.png>
Package pdftex.def Info: Figures/splines/feasible_region.png used on input line
 25.
(pdftex.def)             Requested size: 258.46498pt x 214.80197pt.

Underfull \vbox (badness 10000) has occurred while \output is active []

 [70 <./Figures/splines/feasible_region.png>]
<Figures/splines/demo_projection.png, id=1814, 498.86375pt x 419.5675pt>
File: Figures/splines/demo_projection.png Graphic file (type png)

<use Figures/splines/demo_projection.png>
Package pdftex.def Info: Figures/splines/demo_projection.png used on input line
 43.
(pdftex.def)             Requested size: 249.43126pt x 209.78323pt.

<Figures/splines/demo_fit.png, id=1815, 500.87125pt x 431.6125pt>
File: Figures/splines/demo_fit.png Graphic file (type png)

<use Figures/splines/demo_fit.png>
Package pdftex.def Info: Figures/splines/demo_fit.png used on input line 52.
(pdftex.def)             Requested size: 250.435pt x 215.80571pt.

<./Figures/splines/demo_fit_deriv.png, id=1816, 497.86pt x 428.60126pt>
File: ./Figures/splines/demo_fit_deriv.png Graphic file (type png)

<use ./Figures/splines/demo_fit_deriv.png>
Package pdftex.def Info: ./Figures/splines/demo_fit_deriv.png used on input lin
e 61.
(pdftex.def)             Requested size: 248.92938pt x 214.3001pt.

Underfull \vbox (badness 10000) has occurred while \output is active []

 [71 <./Figures/splines/demo_projection.png>]
Underfull \vbox (badness 10000) has occurred while \output is active []

 [72 <./Figures/splines/demo_fit.png>]) (./prelim.bbl [73 <./Figures/splines/de
mo_fit_deriv.png>]
Missing character: There is no  in font ptmr7t!
Missing character: There is no  in font ptmr7t!
Missing character: There is no  in font ptmr7t!
 [74

] [75] [76]
Missing character: There is no  in font ptmr7t!
Missing character: There is no  in font ptmr7t!
Missing character: There is no  in font ptmr7t!
Missing character: There is no  in font ptmr7t!
Missing character: There is no  in font ptmr7t!
Missing character: There is no  in font ptmr7t!
Missing character: There is no  in font ptmr7t!
Missing character: There is no  in font ptmr7t!
Missing character: There is no  in font ptmr7t!
 [77] [78] [79] [80] [81]) [82] [83


]
Appendix A.

Underfull \vbox (badness 10000) has occurred while \output is active []

 [84

]
[85] [86] [87]
Package atveryend Info: Empty hook `BeforeClearDocument' on input line 396.
 [88]
Package atveryend Info: Empty hook `AfterLastShipout' on input line 396.
 (./prelim.aux)
Package atveryend Info: Executing hook `AtVeryEndDocument' on input line 396.
Package atveryend Info: Executing hook `AtEndAfterFileList' on input line 396.
Package rerunfilecheck Info: File `prelim.out' has not changed.
(rerunfilecheck)             Checksum: 4E46F6712C795AF2E54C90A7C7956F4C;4841.


LaTeX Warning: There were undefined references.

 )
(\end occurred inside a group at level 1)

### semi simple group (level 1) entered at line 97 (\begingroup)
### bottom level 
Here is how much of TeX's memory you used:
 23150 strings out of 493014
 444270 string characters out of 6133351
 644944 words of memory out of 5000000
 25852 multiletter control sequences out of 15000+600000
 60210 words of font info for 141 fonts, out of 8000000 for 9000
 1144 hyphenation exceptions out of 8191
 62i,14n,69p,1641b,16801s stack positions out of 5000i,500n,10000p,200000b,80000s
{/usr/local/texlive/2016/texmf-dist/fonts/enc/dvips/base/8r.enc
}</usr/local/texlive/2016/texmf-dist/fonts/type1/public/amsfonts/cm/cmex10.pfb>
</usr/local/texlive/2016/texmf-dist/fonts/type1/public/amsfonts/cm/cmmi10.pfb><
/usr/local/texlive/2016/texmf-dist/fonts/type1/public/amsfonts/cm/cmr10.pfb></u
sr/local/texlive/2016/texmf-dist/fonts/type1/public/amsfonts/cm/cmsy10.pfb></us
r/local/texlive/2016/texmf-dist/fonts/type1/public/amsfonts/cm/cmtt12.pfb></usr
/local/texlive/2016/texmf-dist/fonts/type1/public/amsfonts/symbols/msbm10.pfb><
/usr/local/texlive/2016/texmf-dist/fonts/type1/public/rsfs/rsfs10.pfb></usr/loc
al/texlive/2016/texmf-dist/fonts/type1/urw/symbol/usyr.pfb></usr/local/texlive/
2016/texmf-dist/fonts/type1/urw/symbol/usyr.pfb></usr/local/texlive/2016/texmf-
dist/fonts/type1/urw/times/utmb8a.pfb></usr/local/texlive/2016/texmf-dist/fonts
/type1/urw/times/utmr8a.pfb></usr/local/texlive/2016/texmf-dist/fonts/type1/urw
/times/utmri8a.pfb>
Output written on prelim.pdf (106 pages, 3494348 bytes).
PDF statistics:
 2052 PDF objects out of 2073 (max. 8388607)
 1731 compressed objects within 18 object streams
 314 named destinations out of 1000 (max. 500000)
 703 words of extra memory for PDF output out of 10000 (max. 10000000)

