This is pdfTeX, Version 3.14159265-2.6-1.40.20 (TeX Live 2019) (preloaded format=pdftex 2019.5.8)  10 JUN 2020 22:00
entering extended mode
 restricted \write18 enabled.
 %&-line parsing enabled.
**delTOMS18.tex
(./delTOMS18.tex
(/usr/local/texlive/2019/texmf-dist/tex/generic/dvips/colordvi.tex)
(/usr/local/texlive/2019/texmf-dist/tex/generic/epsf/epsf.tex
This is `epsf.tex' v2.7.4 <14 February 2011>
\epsffilein=\read1
\epsfframemargin=\dimen16
\epsfframethickness=\dimen17
\epsfrsize=\dimen18
\epsftmp=\dimen19
\epsftsize=\dimen20
\epsfxsize=\dimen21
\epsfysize=\dimen22
\pspoints=\dimen23
)
\headdigit=\dimen24
 [1{/usr/local/texlive/2019/texmf-var/fonts/map/pdftex/updmap/pdftex.map}]
[2] [3] [4] [5] [6] [7] [8] [9] [10] [11] [12] [13] [14] [15] [16] [17]
(vt_logo.eps
)
(vt_logo.eps
)
(vt_logo.eps
)
[18
Non-PDF special ignored!
<special> PSfile=vt_logo.eps llx=0 lly=-1 urx=180 ury=75 rwi=3240 
]
\refnum=\count27
 [19
Non-PDF special ignored!
<special> PSfile=vt_logo.eps llx=0 lly=-1 urx=180 ury=75 rwi=3240 
Non-PDF special ignored!
<special> PSfile=vt_logo.eps llx=0 lly=-1 urx=180 ury=75 rwi=3240 
] [20] [21] ){/usr/local/texlive/2019/texmf-dist/fonts/enc/dvips/base/8r.enc}</
usr/local/texlive/2019/texmf-dist/fonts/type1/public/amsfonts/cm/cmbx10.pfb></u
sr/local/texlive/2019/texmf-dist/fonts/type1/public/amsfonts/cm/cmbx7.pfb></usr
/local/texlive/2019/texmf-dist/fonts/type1/public/amsfonts/cm/cmbx8.pfb></usr/l
ocal/texlive/2019/texmf-dist/fonts/type1/public/amsfonts/cm/cmcsc10.pfb></usr/l
ocal/texlive/2019/texmf-dist/fonts/type1/public/amsfonts/cm/cmex10.pfb></usr/lo
cal/texlive/2019/texmf-dist/fonts/type1/public/amsfonts/cm/cmmi10.pfb></usr/loc
al/texlive/2019/texmf-dist/fonts/type1/public/amsfonts/cm/cmmi5.pfb></usr/local
/texlive/2019/texmf-dist/fonts/type1/public/amsfonts/cm/cmmi7.pfb></usr/local/t
exlive/2019/texmf-dist/fonts/type1/public/amsfonts/cm/cmmi8.pfb></usr/local/tex
live/2019/texmf-dist/fonts/type1/public/amsfonts/cm/cmr10.pfb></usr/local/texli
ve/2019/texmf-dist/fonts/type1/public/amsfonts/cm/cmr5.pfb></usr/local/texlive/
2019/texmf-dist/fonts/type1/public/amsfonts/cm/cmr7.pfb></usr/local/texlive/201
9/texmf-dist/fonts/type1/public/amsfonts/cm/cmr8.pfb></usr/local/texlive/2019/t
exmf-dist/fonts/type1/public/amsfonts/cm/cmsl10.pfb></usr/local/texlive/2019/te
xmf-dist/fonts/type1/public/amsfonts/cm/cmsl8.pfb></usr/local/texlive/2019/texm
f-dist/fonts/type1/public/amsfonts/cm/cmsy10.pfb></usr/local/texlive/2019/texmf
-dist/fonts/type1/public/amsfonts/cm/cmsy5.pfb></usr/local/texlive/2019/texmf-d
ist/fonts/type1/public/amsfonts/cm/cmsy7.pfb></usr/local/texlive/2019/texmf-dis
t/fonts/type1/public/amsfonts/cm/cmti10.pfb></usr/local/texlive/2019/texmf-dist
/fonts/type1/public/amsfonts/cm/cmti8.pfb></usr/local/texlive/2019/texmf-dist/f
onts/type1/public/amsfonts/cm/cmtt10.pfb></usr/local/texlive/2019/texmf-dist/fo
nts/type1/public/amsfonts/cm/cmtt8.pfb></usr/local/texlive/2019/texmf-dist/font
s/type1/urw/helvetic/uhvr8a.pfb>
Output written on delTOMS18.pdf (21 pages, 340999 bytes).
PDF statistics:
 166 PDF objects out of 1000 (max. 8388607)
 118 compressed objects within 2 object streams
 0 named destinations out of 1000 (max. 500000)
 1 words of extra memory for PDF output out of 10000 (max. 10000000)

